[2025-12-27 13:26:37,545][__main__][INFO] - === EMPAS: Hardware-Aware Evolutionary Search ===
[2025-12-27 13:26:37,545][__main__][INFO] - Initializing Search Space with 22 layers.
[2025-12-27 13:26:37,546][__main__][INFO] - Loading Proxy Profile from: ./data/profiles/tinyllama_sensitivity.json
[2025-12-27 13:26:44,066][src.engine.ga][INFO] - Initializing population...
[2025-12-27 13:26:44,082][src.engine.ga][INFO] - --- Generation 1 ---
[2025-12-27 13:26:44,084][src.engine.ga][INFO] - Stats: Loss=3.4295, VRAM=5401MB, Elites=6
[2025-12-27 13:26:46,384][src.engine.ga][INFO] - --- Generation 2 ---
[2025-12-27 13:26:46,388][src.engine.ga][INFO] - Stats: Loss=3.4295, VRAM=5401MB, Elites=5
[2025-12-27 13:26:46,555][src.engine.ga][INFO] - --- Generation 3 ---
[2025-12-27 13:26:46,558][src.engine.ga][INFO] - Stats: Loss=3.4295, VRAM=5401MB, Elites=9
[2025-12-27 13:26:46,737][src.engine.ga][INFO] - --- Generation 4 ---
[2025-12-27 13:26:46,739][src.engine.ga][INFO] - Stats: Loss=3.4101, VRAM=5401MB, Elites=9
[2025-12-27 13:26:46,929][src.engine.ga][INFO] - --- Generation 5 ---
[2025-12-27 13:26:46,932][src.engine.ga][INFO] - Stats: Loss=3.3434, VRAM=5086MB, Elites=13
[2025-12-27 13:26:47,108][src.engine.ga][INFO] - --- Generation 6 ---
[2025-12-27 13:26:47,111][src.engine.ga][INFO] - Stats: Loss=3.3434, VRAM=5086MB, Elites=11
[2025-12-27 13:26:47,288][src.engine.ga][INFO] - --- Generation 7 ---
[2025-12-27 13:26:47,291][src.engine.ga][INFO] - Stats: Loss=3.3434, VRAM=4981MB, Elites=14
[2025-12-27 13:26:47,467][src.engine.ga][INFO] - --- Generation 8 ---
[2025-12-27 13:26:47,470][src.engine.ga][INFO] - Stats: Loss=3.3434, VRAM=4981MB, Elites=15
[2025-12-27 13:26:47,667][src.engine.ga][INFO] - --- Generation 9 ---
[2025-12-27 13:26:47,670][src.engine.ga][INFO] - Stats: Loss=3.3434, VRAM=4876MB, Elites=14
[2025-12-27 13:26:47,880][src.engine.ga][INFO] - --- Generation 10 ---
[2025-12-27 13:26:47,884][src.engine.ga][INFO] - Stats: Loss=3.3434, VRAM=4771MB, Elites=14
[2025-12-27 13:26:48,068][src.engine.ga][INFO] - --- Generation 11 ---
[2025-12-27 13:26:48,071][src.engine.ga][INFO] - Stats: Loss=3.3434, VRAM=4771MB, Elites=15
[2025-12-27 13:26:48,247][src.engine.ga][INFO] - --- Generation 12 ---
[2025-12-27 13:26:48,249][src.engine.ga][INFO] - Stats: Loss=3.3293, VRAM=4771MB, Elites=10
[2025-12-27 13:26:48,417][src.engine.ga][INFO] - --- Generation 13 ---
[2025-12-27 13:26:48,419][src.engine.ga][INFO] - Stats: Loss=3.3086, VRAM=4771MB, Elites=9
[2025-12-27 13:26:48,601][src.engine.ga][INFO] - --- Generation 14 ---
[2025-12-27 13:26:48,604][src.engine.ga][INFO] - Stats: Loss=3.3086, VRAM=4771MB, Elites=12
[2025-12-27 13:26:48,781][src.engine.ga][INFO] - --- Generation 15 ---
[2025-12-27 13:26:48,783][src.engine.ga][INFO] - Stats: Loss=3.3086, VRAM=4771MB, Elites=9
[2025-12-27 13:26:48,970][src.engine.ga][INFO] - --- Generation 16 ---
[2025-12-27 13:26:48,972][src.engine.ga][INFO] - Stats: Loss=3.3086, VRAM=4771MB, Elites=9
[2025-12-27 13:26:49,144][src.engine.ga][INFO] - --- Generation 17 ---
[2025-12-27 13:26:49,146][src.engine.ga][INFO] - Stats: Loss=3.3086, VRAM=4666MB, Elites=11
[2025-12-27 13:26:49,332][src.engine.ga][INFO] - --- Generation 18 ---
[2025-12-27 13:26:49,334][src.engine.ga][INFO] - Stats: Loss=3.3086, VRAM=4666MB, Elites=13
[2025-12-27 13:26:49,513][src.engine.ga][INFO] - --- Generation 19 ---
[2025-12-27 13:26:49,516][src.engine.ga][INFO] - Stats: Loss=3.3086, VRAM=4666MB, Elites=14
[2025-12-27 13:26:49,716][src.engine.ga][INFO] - --- Generation 20 ---
[2025-12-27 13:26:49,718][src.engine.ga][INFO] - Stats: Loss=3.3086, VRAM=4666MB, Elites=14
[2025-12-27 13:26:49,899][src.engine.ga][INFO] - --- Generation 21 ---
[2025-12-27 13:26:49,901][src.engine.ga][INFO] - Stats: Loss=3.3086, VRAM=4666MB, Elites=15
[2025-12-27 13:26:50,086][src.engine.ga][INFO] - --- Generation 22 ---
[2025-12-27 13:26:50,089][src.engine.ga][INFO] - Stats: Loss=3.3086, VRAM=4666MB, Elites=18
[2025-12-27 13:26:50,306][src.engine.ga][INFO] - --- Generation 23 ---
[2025-12-27 13:26:50,309][src.engine.ga][INFO] - Stats: Loss=3.3086, VRAM=4666MB, Elites=15
[2025-12-27 13:26:50,500][src.engine.ga][INFO] - --- Generation 24 ---
[2025-12-27 13:26:50,503][src.engine.ga][INFO] - Stats: Loss=3.3086, VRAM=4666MB, Elites=18
[2025-12-27 13:26:50,698][src.engine.ga][INFO] - --- Generation 25 ---
[2025-12-27 13:26:50,700][src.engine.ga][INFO] - Stats: Loss=3.3086, VRAM=4666MB, Elites=17
[2025-12-27 13:26:50,893][src.engine.ga][INFO] - --- Generation 26 ---
[2025-12-27 13:26:50,896][src.engine.ga][INFO] - Stats: Loss=3.3086, VRAM=4666MB, Elites=18
[2025-12-27 13:26:51,075][src.engine.ga][INFO] - --- Generation 27 ---
[2025-12-27 13:26:51,079][src.engine.ga][INFO] - Stats: Loss=3.3086, VRAM=4666MB, Elites=18
[2025-12-27 13:26:51,261][src.engine.ga][INFO] - --- Generation 28 ---
[2025-12-27 13:26:51,264][src.engine.ga][INFO] - Stats: Loss=3.3086, VRAM=4666MB, Elites=18
[2025-12-27 13:26:51,438][src.engine.ga][INFO] - --- Generation 29 ---
[2025-12-27 13:26:51,441][src.engine.ga][INFO] - Stats: Loss=3.3086, VRAM=4666MB, Elites=18
[2025-12-27 13:26:51,628][src.engine.ga][INFO] - --- Generation 30 ---
[2025-12-27 13:26:51,630][src.engine.ga][INFO] - Stats: Loss=3.3082, VRAM=4666MB, Elites=16
[2025-12-27 13:26:51,804][src.engine.ga][INFO] - --- Generation 31 ---
[2025-12-27 13:26:51,807][src.engine.ga][INFO] - Stats: Loss=3.3082, VRAM=4666MB, Elites=15
[2025-12-27 13:26:51,988][src.engine.ga][INFO] - --- Generation 32 ---
[2025-12-27 13:26:51,990][src.engine.ga][INFO] - Stats: Loss=3.3082, VRAM=4666MB, Elites=17
[2025-12-27 13:26:52,186][src.engine.ga][INFO] - --- Generation 33 ---
[2025-12-27 13:26:52,188][src.engine.ga][INFO] - Stats: Loss=3.3072, VRAM=4666MB, Elites=19
[2025-12-27 13:26:52,378][src.engine.ga][INFO] - --- Generation 34 ---
[2025-12-27 13:26:52,382][src.engine.ga][INFO] - Stats: Loss=3.3070, VRAM=4666MB, Elites=21
[2025-12-27 13:26:52,562][src.engine.ga][INFO] - --- Generation 35 ---
[2025-12-27 13:26:52,565][src.engine.ga][INFO] - Stats: Loss=3.3070, VRAM=4456MB, Elites=20
[2025-12-27 13:26:52,743][src.engine.ga][INFO] - --- Generation 36 ---
[2025-12-27 13:26:52,746][src.engine.ga][INFO] - Stats: Loss=3.3070, VRAM=4456MB, Elites=18
[2025-12-27 13:26:52,928][src.engine.ga][INFO] - --- Generation 37 ---
[2025-12-27 13:26:52,932][src.engine.ga][INFO] - Stats: Loss=3.3070, VRAM=4456MB, Elites=19
[2025-12-27 13:26:53,120][src.engine.ga][INFO] - --- Generation 38 ---
[2025-12-27 13:26:53,123][src.engine.ga][INFO] - Stats: Loss=3.3070, VRAM=4456MB, Elites=18
[2025-12-27 13:26:53,315][src.engine.ga][INFO] - --- Generation 39 ---
[2025-12-27 13:26:53,318][src.engine.ga][INFO] - Stats: Loss=3.3070, VRAM=4456MB, Elites=17
[2025-12-27 13:26:53,499][src.engine.ga][INFO] - --- Generation 40 ---
[2025-12-27 13:26:53,502][src.engine.ga][INFO] - Stats: Loss=3.3070, VRAM=4456MB, Elites=18
[2025-12-27 13:26:53,694][src.engine.ga][INFO] - --- Generation 41 ---
[2025-12-27 13:26:53,697][src.engine.ga][INFO] - Stats: Loss=3.3070, VRAM=4456MB, Elites=18
[2025-12-27 13:26:53,886][src.engine.ga][INFO] - --- Generation 42 ---
[2025-12-27 13:26:53,889][src.engine.ga][INFO] - Stats: Loss=3.3070, VRAM=4456MB, Elites=20
[2025-12-27 13:26:54,072][src.engine.ga][INFO] - --- Generation 43 ---
[2025-12-27 13:26:54,075][src.engine.ga][INFO] - Stats: Loss=3.3067, VRAM=4456MB, Elites=21
[2025-12-27 13:26:54,260][src.engine.ga][INFO] - --- Generation 44 ---
[2025-12-27 13:26:54,263][src.engine.ga][INFO] - Stats: Loss=3.3067, VRAM=4456MB, Elites=21
[2025-12-27 13:26:54,452][src.engine.ga][INFO] - --- Generation 45 ---
[2025-12-27 13:26:54,455][src.engine.ga][INFO] - Stats: Loss=3.3067, VRAM=4246MB, Elites=21
[2025-12-27 13:26:54,634][src.engine.ga][INFO] - --- Generation 46 ---
[2025-12-27 13:26:54,638][src.engine.ga][INFO] - Stats: Loss=3.3067, VRAM=4246MB, Elites=21
[2025-12-27 13:26:54,829][src.engine.ga][INFO] - --- Generation 47 ---
[2025-12-27 13:26:54,832][src.engine.ga][INFO] - Stats: Loss=3.3067, VRAM=4246MB, Elites=21
[2025-12-27 13:26:55,019][src.engine.ga][INFO] - --- Generation 48 ---
[2025-12-27 13:26:55,021][src.engine.ga][INFO] - Stats: Loss=3.3067, VRAM=4246MB, Elites=22
[2025-12-27 13:26:55,224][src.engine.ga][INFO] - --- Generation 49 ---
[2025-12-27 13:26:55,227][src.engine.ga][INFO] - Stats: Loss=3.3067, VRAM=4246MB, Elites=23
[2025-12-27 13:26:55,406][src.engine.ga][INFO] - --- Generation 50 ---
[2025-12-27 13:26:55,410][src.engine.ga][INFO] - Stats: Loss=3.3067, VRAM=4246MB, Elites=25
[2025-12-27 13:28:24,102][src.engine.ga][INFO] - Search Complete.
[2025-12-27 13:28:24,102][__main__][INFO] - --- Pareto Frontier ---
[2025-12-27 13:28:24,104][__main__][INFO] - Best Accuracy Model: Fitness(Loss=3.3067, VRAM=9496.0MB, Lat=50.00ms)
[2025-12-27 13:28:24,104][__main__][INFO] - Genome: [8, 4, 8, 8, 4, 4, 4, 8, 4, 8, 4, 8, 8, 16, 16, 16, 4, 4, 16, 8, 8, 8]
[2025-12-27 13:28:24,104][__main__][INFO] - Lowest VRAM Model: Fitness(Loss=3.9991, VRAM=4246.0MB, Lat=21.59ms)
[2025-12-27 13:28:24,104][__main__][INFO] - Genome: [4, 4, 4, 4, 4, 4, 4, 2, 4, 4, 2, 4, 2, 2, 4, 4, 2, 4, 4, 4, 2, 4]
