[2025-12-27 14:55:02,344][__main__][INFO] - === EMPAS: Hardware-Aware Evolutionary Search ===
[2025-12-27 14:55:02,344][__main__][INFO] - Initializing Search Space with 22 layers.
[2025-12-27 14:55:02,344][__main__][INFO] - Loading Proxy Profile from: ./data/profiles/tinyllama_sensitivity.json
[2025-12-27 14:55:06,309][src.engine.ga][INFO] - Initializing population...
[2025-12-27 14:55:06,326][src.engine.ga][INFO] - --- Generation 1 ---
[2025-12-27 14:55:06,329][src.engine.ga][INFO] - Stats: Loss=3.5173, VRAM=1549MB, Elites=9
[2025-12-27 14:55:08,512][src.engine.ga][INFO] - --- Generation 2 ---
[2025-12-27 14:55:08,515][src.engine.ga][INFO] - Stats: Loss=3.4882, VRAM=1549MB, Elites=10
[2025-12-27 14:55:08,688][src.engine.ga][INFO] - --- Generation 3 ---
[2025-12-27 14:55:08,691][src.engine.ga][INFO] - Stats: Loss=3.4393, VRAM=1549MB, Elites=12
[2025-12-27 14:55:08,859][src.engine.ga][INFO] - --- Generation 4 ---
[2025-12-27 14:55:08,863][src.engine.ga][INFO] - Stats: Loss=3.3099, VRAM=1507MB, Elites=14
[2025-12-27 14:55:09,036][src.engine.ga][INFO] - --- Generation 5 ---
[2025-12-27 14:55:09,040][src.engine.ga][INFO] - Stats: Loss=3.3099, VRAM=1507MB, Elites=11
[2025-12-27 14:55:09,208][src.engine.ga][INFO] - --- Generation 6 ---
[2025-12-27 14:55:09,212][src.engine.ga][INFO] - Stats: Loss=3.3099, VRAM=1507MB, Elites=15
[2025-12-27 14:55:09,391][src.engine.ga][INFO] - --- Generation 7 ---
[2025-12-27 14:55:09,393][src.engine.ga][INFO] - Stats: Loss=3.3059, VRAM=1486MB, Elites=11
[2025-12-27 14:55:09,572][src.engine.ga][INFO] - --- Generation 8 ---
[2025-12-27 14:55:09,574][src.engine.ga][INFO] - Stats: Loss=3.3059, VRAM=1486MB, Elites=13
[2025-12-27 14:55:09,764][src.engine.ga][INFO] - --- Generation 9 ---
[2025-12-27 14:55:09,765][src.engine.ga][INFO] - Stats: Loss=3.3059, VRAM=1486MB, Elites=14
[2025-12-27 14:55:09,952][src.engine.ga][INFO] - --- Generation 10 ---
[2025-12-27 14:55:09,955][src.engine.ga][INFO] - Stats: Loss=3.3059, VRAM=1465MB, Elites=16
[2025-12-27 14:55:10,143][src.engine.ga][INFO] - --- Generation 11 ---
[2025-12-27 14:55:10,146][src.engine.ga][INFO] - Stats: Loss=3.3059, VRAM=1465MB, Elites=16
[2025-12-27 14:55:10,336][src.engine.ga][INFO] - --- Generation 12 ---
[2025-12-27 14:55:10,339][src.engine.ga][INFO] - Stats: Loss=3.3059, VRAM=1465MB, Elites=17
[2025-12-27 14:55:10,512][src.engine.ga][INFO] - --- Generation 13 ---
[2025-12-27 14:55:10,514][src.engine.ga][INFO] - Stats: Loss=3.3059, VRAM=1465MB, Elites=19
[2025-12-27 14:55:10,718][src.engine.ga][INFO] - --- Generation 14 ---
[2025-12-27 14:55:10,721][src.engine.ga][INFO] - Stats: Loss=3.3059, VRAM=1465MB, Elites=19
[2025-12-27 14:55:10,913][src.engine.ga][INFO] - --- Generation 15 ---
[2025-12-27 14:55:10,916][src.engine.ga][INFO] - Stats: Loss=3.3059, VRAM=1465MB, Elites=18
[2025-12-27 14:55:11,100][src.engine.ga][INFO] - --- Generation 16 ---
[2025-12-27 14:55:11,103][src.engine.ga][INFO] - Stats: Loss=3.3059, VRAM=1465MB, Elites=18
[2025-12-27 14:55:11,298][src.engine.ga][INFO] - --- Generation 17 ---
[2025-12-27 14:55:11,301][src.engine.ga][INFO] - Stats: Loss=3.3059, VRAM=1465MB, Elites=21
[2025-12-27 14:55:11,500][src.engine.ga][INFO] - --- Generation 18 ---
[2025-12-27 14:55:11,503][src.engine.ga][INFO] - Stats: Loss=3.3059, VRAM=1465MB, Elites=20
[2025-12-27 14:55:11,688][src.engine.ga][INFO] - --- Generation 19 ---
[2025-12-27 14:55:11,691][src.engine.ga][INFO] - Stats: Loss=3.3059, VRAM=1465MB, Elites=20
[2025-12-27 14:55:11,874][src.engine.ga][INFO] - --- Generation 20 ---
[2025-12-27 14:55:11,876][src.engine.ga][INFO] - Stats: Loss=3.3059, VRAM=1465MB, Elites=20
[2025-12-27 14:55:12,131][src.engine.ga][INFO] - --- Generation 21 ---
[2025-12-27 14:55:12,135][src.engine.ga][INFO] - Stats: Loss=3.3059, VRAM=1465MB, Elites=20
[2025-12-27 14:55:12,321][src.engine.ga][INFO] - --- Generation 22 ---
[2025-12-27 14:55:12,324][src.engine.ga][INFO] - Stats: Loss=3.3059, VRAM=1465MB, Elites=17
[2025-12-27 14:55:12,509][src.engine.ga][INFO] - --- Generation 23 ---
[2025-12-27 14:55:12,512][src.engine.ga][INFO] - Stats: Loss=3.3059, VRAM=1465MB, Elites=19
[2025-12-27 14:55:12,699][src.engine.ga][INFO] - --- Generation 24 ---
[2025-12-27 14:55:12,702][src.engine.ga][INFO] - Stats: Loss=3.3059, VRAM=1465MB, Elites=16
[2025-12-27 14:55:12,891][src.engine.ga][INFO] - --- Generation 25 ---
[2025-12-27 14:55:12,893][src.engine.ga][INFO] - Stats: Loss=3.3059, VRAM=1465MB, Elites=15
[2025-12-27 14:55:13,073][src.engine.ga][INFO] - --- Generation 26 ---
[2025-12-27 14:55:13,076][src.engine.ga][INFO] - Stats: Loss=3.3059, VRAM=1465MB, Elites=16
[2025-12-27 14:55:13,266][src.engine.ga][INFO] - --- Generation 27 ---
[2025-12-27 14:55:13,269][src.engine.ga][INFO] - Stats: Loss=3.3059, VRAM=1465MB, Elites=15
[2025-12-27 14:55:13,459][src.engine.ga][INFO] - --- Generation 28 ---
[2025-12-27 14:55:13,462][src.engine.ga][INFO] - Stats: Loss=3.3059, VRAM=1465MB, Elites=15
[2025-12-27 14:55:13,653][src.engine.ga][INFO] - --- Generation 29 ---
[2025-12-27 14:55:13,655][src.engine.ga][INFO] - Stats: Loss=3.3059, VRAM=1465MB, Elites=16
[2025-12-27 14:55:13,855][src.engine.ga][INFO] - --- Generation 30 ---
[2025-12-27 14:55:13,857][src.engine.ga][INFO] - Stats: Loss=3.3059, VRAM=1465MB, Elites=14
[2025-12-27 14:55:14,046][src.engine.ga][INFO] - --- Generation 31 ---
[2025-12-27 14:55:14,050][src.engine.ga][INFO] - Stats: Loss=3.3059, VRAM=1465MB, Elites=16
[2025-12-27 14:55:14,233][src.engine.ga][INFO] - --- Generation 32 ---
[2025-12-27 14:55:14,235][src.engine.ga][INFO] - Stats: Loss=3.3059, VRAM=1444MB, Elites=18
[2025-12-27 14:55:14,428][src.engine.ga][INFO] - --- Generation 33 ---
[2025-12-27 14:55:14,430][src.engine.ga][INFO] - Stats: Loss=3.3059, VRAM=1444MB, Elites=16
[2025-12-27 14:55:14,620][src.engine.ga][INFO] - --- Generation 34 ---
[2025-12-27 14:55:14,622][src.engine.ga][INFO] - Stats: Loss=3.3059, VRAM=1444MB, Elites=17
[2025-12-27 14:55:14,818][src.engine.ga][INFO] - --- Generation 35 ---
[2025-12-27 14:55:14,822][src.engine.ga][INFO] - Stats: Loss=3.3059, VRAM=1444MB, Elites=18
[2025-12-27 14:55:15,008][src.engine.ga][INFO] - --- Generation 36 ---
[2025-12-27 14:55:15,011][src.engine.ga][INFO] - Stats: Loss=3.3059, VRAM=1444MB, Elites=19
[2025-12-27 14:55:15,209][src.engine.ga][INFO] - --- Generation 37 ---
[2025-12-27 14:55:15,212][src.engine.ga][INFO] - Stats: Loss=3.3059, VRAM=1444MB, Elites=19
[2025-12-27 14:55:15,395][src.engine.ga][INFO] - --- Generation 38 ---
[2025-12-27 14:55:15,397][src.engine.ga][INFO] - Stats: Loss=3.3059, VRAM=1444MB, Elites=20
[2025-12-27 14:55:15,581][src.engine.ga][INFO] - --- Generation 39 ---
[2025-12-27 14:55:15,584][src.engine.ga][INFO] - Stats: Loss=3.3059, VRAM=1444MB, Elites=19
[2025-12-27 14:55:15,790][src.engine.ga][INFO] - --- Generation 40 ---
[2025-12-27 14:55:15,793][src.engine.ga][INFO] - Stats: Loss=3.3059, VRAM=1444MB, Elites=18
[2025-12-27 14:55:15,966][src.engine.ga][INFO] - --- Generation 41 ---
[2025-12-27 14:55:15,969][src.engine.ga][INFO] - Stats: Loss=3.3059, VRAM=1423MB, Elites=18
[2025-12-27 14:55:16,157][src.engine.ga][INFO] - --- Generation 42 ---
[2025-12-27 14:55:16,161][src.engine.ga][INFO] - Stats: Loss=3.3059, VRAM=1423MB, Elites=18
[2025-12-27 14:55:16,355][src.engine.ga][INFO] - --- Generation 43 ---
[2025-12-27 14:55:16,359][src.engine.ga][INFO] - Stats: Loss=3.3059, VRAM=1423MB, Elites=18
[2025-12-27 14:55:16,549][src.engine.ga][INFO] - --- Generation 44 ---
[2025-12-27 14:55:16,553][src.engine.ga][INFO] - Stats: Loss=3.3059, VRAM=1423MB, Elites=16
[2025-12-27 14:55:16,753][src.engine.ga][INFO] - --- Generation 45 ---
[2025-12-27 14:55:16,756][src.engine.ga][INFO] - Stats: Loss=3.3059, VRAM=1423MB, Elites=16
[2025-12-27 14:55:16,946][src.engine.ga][INFO] - --- Generation 46 ---
[2025-12-27 14:55:16,950][src.engine.ga][INFO] - Stats: Loss=3.3059, VRAM=1423MB, Elites=16
[2025-12-27 14:55:17,138][src.engine.ga][INFO] - --- Generation 47 ---
[2025-12-27 14:55:17,141][src.engine.ga][INFO] - Stats: Loss=3.3059, VRAM=1423MB, Elites=17
[2025-12-27 14:55:17,338][src.engine.ga][INFO] - --- Generation 48 ---
[2025-12-27 14:55:17,341][src.engine.ga][INFO] - Stats: Loss=3.3059, VRAM=1423MB, Elites=17
[2025-12-27 14:55:17,535][src.engine.ga][INFO] - --- Generation 49 ---
[2025-12-27 14:55:17,539][src.engine.ga][INFO] - Stats: Loss=3.3059, VRAM=1423MB, Elites=17
[2025-12-27 14:55:17,730][src.engine.ga][INFO] - --- Generation 50 ---
[2025-12-27 14:55:17,734][src.engine.ga][INFO] - Stats: Loss=3.3059, VRAM=1423MB, Elites=17
[2025-12-27 14:56:45,360][src.engine.ga][INFO] - Search Complete.
[2025-12-27 14:56:45,360][__main__][INFO] - --- Pareto Frontier ---
[2025-12-27 14:56:45,361][__main__][INFO] - Best Accuracy Model: Fitness(Loss=3.3059, VRAM=2032.0MB, Lat=54.55ms)
[2025-12-27 14:56:45,361][__main__][INFO] - Genome: [4, 16, 8, 8, 8, 8, 16, 16, 16, 8, 4, 8, 8, 8, 8, 4, 8, 4, 8, 8, 8, 8]
[2025-12-27 14:56:45,362][__main__][INFO] - Lowest VRAM Model: Fitness(Loss=4.2714, VRAM=1423.0MB, Lat=21.59ms)
[2025-12-27 14:56:45,362][__main__][INFO] - Genome: [4, 2, 4, 4, 4, 4, 2, 8, 4, 2, 2, 2, 2, 4, 4, 4, 4, 2, 2, 4, 4, 4]
